ERROR - 2026-07-21 11:59:28 --> pg_query(): Query failed: ERROR:  null value in column &quot;full_name&quot; of relation &quot;quotation_requests&quot; violates not-null constraint
DETAIL:  Failing row contains (1, null, null, sam@gmail.com, 7008378992, networking, Pune, Need CCTV installed, pending, null, 2026-07-21 17:29:28.199696).
in SYSTEMPATH\Database\Postgre\Connection.php on line 200.
 1 SYSTEMPATH\Database\BaseConnection.php(908): CodeIgniter\Database\Postgre\Connection->execute('INSERT INTO "quotation_requests" ("full_name", "email", "phone", "service_type", "installation_address", "description") VALUES (NULL, \'sam@gmail.com\', \'7008378992\', \'networking\', \'Pune\', \'Need CCTV installed\')')
 2 SYSTEMPATH\Database\BaseConnection.php(825): CodeIgniter\Database\BaseConnection->simpleQuery('INSERT INTO "quotation_requests" ("full_name", "email", "phone", "service_type", "installation_address", "description") VALUES (NULL, \'sam@gmail.com\', \'7008378992\', \'networking\', \'Pune\', \'Need CCTV installed\')')
 3 SYSTEMPATH\Database\BaseBuilder.php(2355): CodeIgniter\Database\BaseConnection->query('INSERT INTO "quotation_requests" ("full_name", "email", "phone", "service_type", "installation_address", "description") VALUES (:full_name:, :email:, :phone:, :service_type:, :installation_address:, :description:)', [...], false)
 4 SYSTEMPATH\Model.php(357): CodeIgniter\Database\BaseBuilder->insert()
 5 SYSTEMPATH\BaseModel.php(899): CodeIgniter\Model->doInsert([...])
 6 SYSTEMPATH\Model.php(670): CodeIgniter\BaseModel->insert([...], true)
 7 APPPATH\Controllers\CustomerPanel\Api.php(199): CodeIgniter\Model->insert([...])
 8 SYSTEMPATH\CodeIgniter.php(974): App\Controllers\CustomerPanel\Api->quotationRequestsubmit()
 9 SYSTEMPATH\CodeIgniter.php(520): CodeIgniter\CodeIgniter->runController(Object(App\Controllers\CustomerPanel\Api))
10 SYSTEMPATH\CodeIgniter.php(363): CodeIgniter\CodeIgniter->handleRequest(null, Object(Config\Cache), false)
11 SYSTEMPATH\Boot.php(417): CodeIgniter\CodeIgniter->run()
12 SYSTEMPATH\Boot.php(68): CodeIgniter\Boot::runCodeIgniter(Object(CodeIgniter\CodeIgniter))
13 FCPATH\index.php(73): CodeIgniter\Boot::bootWeb(Object(Config\Paths))
CRITICAL - 2026-07-21 11:59:28 --> CodeIgniter\Database\Exceptions\DatabaseException: pg_query(): Query failed: ERROR:  null value in column &quot;full_name&quot; of relation &quot;quotation_requests&quot; violates not-null constraint
DETAIL:  Failing row contains (1, null, null, sam@gmail.com, 7008378992, networking, Pune, Need CCTV installed, pending, null, 2026-07-21 17:29:28.199696).
[Method: POST, Route: api/customer/quotation_request]
in SYSTEMPATH\Database\BaseConnection.php on line 863.
 1 SYSTEMPATH\Database\BaseBuilder.php(2355): CodeIgniter\Database\BaseConnection->query('INSERT INTO "quotation_requests" ("full_name", "email", "phone", "service_type", "installation_address", "description") VALUES (:full_name:, :email:, :phone:, :service_type:, :installation_address:, :description:)', [...], false)
 2 SYSTEMPATH\Model.php(357): CodeIgniter\Database\BaseBuilder->insert()
 3 SYSTEMPATH\BaseModel.php(899): CodeIgniter\Model->doInsert([...])
 4 SYSTEMPATH\Model.php(670): CodeIgniter\BaseModel->insert([...], true)
 5 APPPATH\Controllers\CustomerPanel\Api.php(199): CodeIgniter\Model->insert([...])
 6 SYSTEMPATH\CodeIgniter.php(974): App\Controllers\CustomerPanel\Api->quotationRequestsubmit()
 7 SYSTEMPATH\CodeIgniter.php(520): CodeIgniter\CodeIgniter->runController(Object(App\Controllers\CustomerPanel\Api))
 8 SYSTEMPATH\CodeIgniter.php(363): CodeIgniter\CodeIgniter->handleRequest(null, Object(Config\Cache), false)
 9 SYSTEMPATH\Boot.php(417): CodeIgniter\CodeIgniter->run()
10 SYSTEMPATH\Boot.php(68): CodeIgniter\Boot::runCodeIgniter(Object(CodeIgniter\CodeIgniter))
11 FCPATH\index.php(73): CodeIgniter\Boot::bootWeb(Object(Config\Paths))
CRITICAL - 2026-07-21 11:59:28 --> [Caused by] CodeIgniter\Database\Exceptions\DatabaseException: pg_query(): Query failed: ERROR:  null value in column &quot;full_name&quot; of relation &quot;quotation_requests&quot; violates not-null constraint
DETAIL:  Failing row contains (1, null, null, sam@gmail.com, 7008378992, networking, Pune, Need CCTV installed, pending, null, 2026-07-21 17:29:28.199696).
in SYSTEMPATH\Database\Postgre\Connection.php on line 212.
 1 SYSTEMPATH\Database\BaseConnection.php(908): CodeIgniter\Database\Postgre\Connection->execute('INSERT INTO "quotation_requests" ("full_name", "email", "phone", "service_type", "installation_address", "description") VALUES (NULL, \'sam@gmail.com\', \'7008378992\', \'networking\', \'Pune\', \'Need CCTV installed\')')
 2 SYSTEMPATH\Database\BaseConnection.php(825): CodeIgniter\Database\BaseConnection->simpleQuery('INSERT INTO "quotation_requests" ("full_name", "email", "phone", "service_type", "installation_address", "description") VALUES (NULL, \'sam@gmail.com\', \'7008378992\', \'networking\', \'Pune\', \'Need CCTV installed\')')
 3 SYSTEMPATH\Database\BaseBuilder.php(2355): CodeIgniter\Database\BaseConnection->query('INSERT INTO "quotation_requests" ("full_name", "email", "phone", "service_type", "installation_address", "description") VALUES (:full_name:, :email:, :phone:, :service_type:, :installation_address:, :description:)', [...], false)
 4 SYSTEMPATH\Model.php(357): CodeIgniter\Database\BaseBuilder->insert()
 5 SYSTEMPATH\BaseModel.php(899): CodeIgniter\Model->doInsert([...])
 6 SYSTEMPATH\Model.php(670): CodeIgniter\BaseModel->insert([...], true)
 7 APPPATH\Controllers\CustomerPanel\Api.php(199): CodeIgniter\Model->insert([...])
 8 SYSTEMPATH\CodeIgniter.php(974): App\Controllers\CustomerPanel\Api->quotationRequestsubmit()
 9 SYSTEMPATH\CodeIgniter.php(520): CodeIgniter\CodeIgniter->runController(Object(App\Controllers\CustomerPanel\Api))
10 SYSTEMPATH\CodeIgniter.php(363): CodeIgniter\CodeIgniter->handleRequest(null, Object(Config\Cache), false)
11 SYSTEMPATH\Boot.php(417): CodeIgniter\CodeIgniter->run()
12 SYSTEMPATH\Boot.php(68): CodeIgniter\Boot::runCodeIgniter(Object(CodeIgniter\CodeIgniter))
13 FCPATH\index.php(73): CodeIgniter\Boot::bootWeb(Object(Config\Paths))
CRITICAL - 2026-07-21 11:59:28 --> [Caused by] ErrorException: pg_query(): Query failed: ERROR:  null value in column &quot;full_name&quot; of relation &quot;quotation_requests&quot; violates not-null constraint
DETAIL:  Failing row contains (1, null, null, sam@gmail.com, 7008378992, networking, Pune, Need CCTV installed, pending, null, 2026-07-21 17:29:28.199696).
in SYSTEMPATH\Database\Postgre\Connection.php on line 200.
 1 [internal function]: CodeIgniter\Debug\Exceptions->errorHandler(2, 'pg_query(): Query failed: ERROR:  null value in column &quot;full_name&quot; of relation &quot;quotation_requests&quot; violates not-null constraint
DETAIL:  Failing row contains (1, null, null, sam@gmail.com, 7008378992, networking, Pune, Need CCTV installed, pending, null, 2026-07-21 17:29:28.199696).', 'C:\\xampp\\htdocs\\24X7customeradmin\\system\\Database\\Postgre\\Connection.php', 200)
 2 SYSTEMPATH\Database\Postgre\Connection.php(200): pg_query(Object(PgSql\Connection), 'INSERT INTO "quotation_requests" ("full_name", "email", "phone", "service_type", "installation_address", "description") VALUES (NULL, \'sam@gmail.com\', \'7008378992\', \'networking\', \'Pune\', \'Need CCTV installed\')')
 3 SYSTEMPATH\Database\BaseConnection.php(908): CodeIgniter\Database\Postgre\Connection->execute('INSERT INTO "quotation_requests" ("full_name", "email", "phone", "service_type", "installation_address", "description") VALUES (NULL, \'sam@gmail.com\', \'7008378992\', \'networking\', \'Pune\', \'Need CCTV installed\')')
 4 SYSTEMPATH\Database\BaseConnection.php(825): CodeIgniter\Database\BaseConnection->simpleQuery('INSERT INTO "quotation_requests" ("full_name", "email", "phone", "service_type", "installation_address", "description") VALUES (NULL, \'sam@gmail.com\', \'7008378992\', \'networking\', \'Pune\', \'Need CCTV installed\')')
 5 SYSTEMPATH\Database\BaseBuilder.php(2355): CodeIgniter\Database\BaseConnection->query('INSERT INTO "quotation_requests" ("full_name", "email", "phone", "service_type", "installation_address", "description") VALUES (:full_name:, :email:, :phone:, :service_type:, :installation_address:, :description:)', [...], false)
 6 SYSTEMPATH\Model.php(357): CodeIgniter\Database\BaseBuilder->insert()
 7 SYSTEMPATH\BaseModel.php(899): CodeIgniter\Model->doInsert([...])
 8 SYSTEMPATH\Model.php(670): CodeIgniter\BaseModel->insert([...], true)
 9 APPPATH\Controllers\CustomerPanel\Api.php(199): CodeIgniter\Model->insert([...])
10 SYSTEMPATH\CodeIgniter.php(974): App\Controllers\CustomerPanel\Api->quotationRequestsubmit()
11 SYSTEMPATH\CodeIgniter.php(520): CodeIgniter\CodeIgniter->runController(Object(App\Controllers\CustomerPanel\Api))
12 SYSTEMPATH\CodeIgniter.php(363): CodeIgniter\CodeIgniter->handleRequest(null, Object(Config\Cache), false)
13 SYSTEMPATH\Boot.php(417): CodeIgniter\CodeIgniter->run()
14 SYSTEMPATH\Boot.php(68): CodeIgniter\Boot::runCodeIgniter(Object(CodeIgniter\CodeIgniter))
15 FCPATH\index.php(73): CodeIgniter\Boot::bootWeb(Object(Config\Paths))
CRITICAL - 2026-07-21 11:59:28 --> ErrorException: Uncaught CodeIgniter\Format\Exceptions\FormatException: Failed to parse JSON string. Error: Malformed UTF-8 characters, possibly incorrectly encoded in C:\xampp\htdocs\24X7customeradmin\system\Format\JSONFormatter.php:47
Stack trace:
#0 C:\xampp\htdocs\24X7customeradmin\system\Format\JSONFormatter.php(47): CodeIgniter\Format\Exceptions\FormatException::forInvalidJSON('Malformed UTF-8...')
#1 C:\xampp\htdocs\24X7customeradmin\system\API\ResponseTrait.php(352): CodeIgniter\Format\JSONFormatter->format(Array)
#2 C:\xampp\htdocs\24X7customeradmin\system\API\ResponseTrait.php(111): CodeIgniter\Debug\ExceptionHandler->format(Array)
#3 C:\xampp\htdocs\24X7customeradmin\system\Debug\ExceptionHandler.php(95): CodeIgniter\Debug\ExceptionHandler->respond(Array, 500)
#4 C:\xampp\htdocs\24X7customeradmin\system\Debug\Exceptions.php(151): CodeIgniter\Debug\ExceptionHandler->handle(Object(CodeIgniter\Database\Exceptions\DatabaseException), Object(CodeIgniter\HTTP\IncomingRequest), Object(CodeIgniter\HTTP\Response), 500, 8)
#5 [internal function]: CodeIgniter\Debug\Exceptions->exceptionHandler(Object(CodeIgniter\Database\Exceptions\DatabaseException))
#6 {main}
  thrown
【Previous Exception】
CodeIgniter\Database\Exceptions\DatabaseException
pg_query(): Query failed: ERROR:  null value in column &quot;full_name&quot; of relation &quot;quotation_requests&quot; violates not-null constraint
DETAIL:  Failing row contains (1, null, null, sam@gmail.com, 7008378992, networking, Pune, Need CCTV installed, pending, null, 2026-07-21 17:29:28.199696).
#0 C:\xampp\htdocs\24X7customeradmin\system\Database\BaseBuilder.php(2355): CodeIgniter\Database\BaseConnection->query('INSERT INTO "qu...', Array, false)
#1 C:\xampp\htdocs\24X7customeradmin\system\Model.php(357): CodeIgniter\Database\BaseBuilder->insert()
#2 C:\xampp\htdocs\24X7customeradmin\system\BaseModel.php(899): CodeIgniter\Model->doInsert(Array)
#3 C:\xampp\htdocs\24X7customeradmin\system\Model.php(670): CodeIgniter\BaseModel->insert(Array, true)
#4 C:\xampp\htdocs\24X7customeradmin\app\Controllers\CustomerPanel\Api.php(199): CodeIgniter\Model->insert(Array)
#5 C:\xampp\htdocs\24X7customeradmin\system\CodeIgniter.php(974): App\Controllers\CustomerPanel\Api->quotationRequestsubmit()
#6 C:\xampp\htdocs\24X7customeradmin\system\CodeIgniter.php(520): CodeIgniter\CodeIgniter->runController(Object(App\Controllers\CustomerPanel\Api))
#7 C:\xampp\htdocs\24X7customeradmin\system\CodeIgniter.php(363): CodeIgniter\CodeIgniter->handleRequest(NULL, Object(Config\Cache), false)
#8 C:\xampp\htdocs\24X7customeradmin\system\Boot.php(417): CodeIgniter\CodeIgniter->run()
#9 C:\xampp\htdocs\24X7customeradmin\system\Boot.php(68): CodeIgniter\Boot::runCodeIgniter(Object(CodeIgniter\CodeIgniter))
#10 C:\xampp\htdocs\24X7customeradmin\index.php(73): CodeIgniter\Boot::bootWeb(Object(Config\Paths))
#11 {main}
[Method: POST, Route: api/customer/quotation_request]
in SYSTEMPATH\Format\JSONFormatter.php on line 47.
 1 [internal function]: CodeIgniter\Debug\Exceptions->shutdownHandler()
WARNING - 2026-07-21 18:09:11 --> [DEPRECATED] Creation of dynamic property CodeIgniter\HTTP\IncomingRequest::$decodedToken is deprecated in APPPATH\Filters\JwtAuthFilter.php on line 38.
 1 SYSTEMPATH\Filters\Filters.php(241): App\Filters\JwtAuthFilter->before(Object(CodeIgniter\HTTP\IncomingRequest), null)
 2 SYSTEMPATH\Filters\Filters.php(221): CodeIgniter\Filters\Filters->runBefore([...])
 3 SYSTEMPATH\CodeIgniter.php(488): CodeIgniter\Filters\Filters->run('api/customer/profile', 'before')
 4 SYSTEMPATH\CodeIgniter.php(363): CodeIgniter\CodeIgniter->handleRequest(null, Object(Config\Cache), false)
 5 SYSTEMPATH\Boot.php(417): CodeIgniter\CodeIgniter->run()
 6 SYSTEMPATH\Boot.php(68): CodeIgniter\Boot::runCodeIgniter(Object(CodeIgniter\CodeIgniter))
 7 FCPATH\index.php(73): CodeIgniter\Boot::bootWeb(Object(Config\Paths))
WARNING - 2026-07-21 18:09:11 --> [DEPRECATED] json_decode(): Passing null to parameter #1 ($json) of type string is deprecated in APPPATH\Controllers\CustomerPanel\Api.php on line 44.
 1 APPPATH\Controllers\CustomerPanel\Api.php(44): json_decode(null)
 2 SYSTEMPATH\CodeIgniter.php(974): App\Controllers\CustomerPanel\Api->getProfile()
 3 SYSTEMPATH\CodeIgniter.php(520): CodeIgniter\CodeIgniter->runController(Object(App\Controllers\CustomerPanel\Api))
 4 SYSTEMPATH\CodeIgniter.php(363): CodeIgniter\CodeIgniter->handleRequest(null, Object(Config\Cache), false)
 5 SYSTEMPATH\Boot.php(417): CodeIgniter\CodeIgniter->run()
 6 SYSTEMPATH\Boot.php(68): CodeIgniter\Boot::runCodeIgniter(Object(CodeIgniter\CodeIgniter))
 7 FCPATH\index.php(73): CodeIgniter\Boot::bootWeb(Object(Config\Paths))
